Using pre-set license
Built from '2020.3/staging' branch; Version is '2020.3.10f1 (297d780c91bc) revision 2719096'; Using compiler version '192528614'; Build Type 'Release'
OS: 'Windows 10 Pro; OS build 19042.1348; Version 2009; 64bit' Language: 'en' Physical Memory: 32711 MB
BatchMode: 1, IsHumanControllingUs: 0, StartBugReporterOnCrash: 0, Is64bit: 1, IsPro: 0

 COMMAND LINE ARGUMENTS:
D:\Program Files\2020.3.10f1\Editor\Unity.exe
-adb2
-batchMode
-noUpm
-name
AssetImportWorker2
-projectPath
D:/Morga/Documents/VR-Oculus-Demo
-logFile
Logs/AssetImportWorker2.log
-srvPort
58218
Successfully changed project path to: D:/Morga/Documents/VR-Oculus-Demo
D:/Morga/Documents/VR-Oculus-Demo
Using Asset Import Pipeline V2.
Refreshing native plugins compatible for Editor in 129.99 ms, found 10 plugins.
Preloading 1 native plugins for Editor in 1.43 ms.
Initialize engine version: 2020.3.10f1 (297d780c91bc)
[Subsystems] Discovering subsystems at path D:/Program Files/2020.3.10f1/Editor/Data/Resources/UnitySubsystems
[Subsystems] Discovering subsystems at path D:/Morga/Documents/VR-Oculus-Demo/Assets
GfxDevice: creating device client; threaded=0
Direct3D:
    Version:  Direct3D 11.0 [level 11.1]
    Renderer: NVIDIA GeForce GTX 1050 Ti (ID=0x1c82)
    Vendor:   
    VRAM:     4018 MB
    Driver:   27.21.14.6109
Shader 'Universal Render Pipeline/Particles/Lit': fallback shader 'Universal Render Pipeline/Particles/SimpleLit' not found
Initialize mono
Mono path[0] = 'D:/Program Files/2020.3.10f1/Editor/Data/Managed'
Mono path[1] = 'D:/Program Files/2020.3.10f1/Editor/Data/MonoBleedingEdge/lib/mono/unityjit'
Mono config path = 'D:/Program Files/2020.3.10f1/Editor/Data/MonoBleedingEdge/etc'
Using monoOptions --debugger-agent=transport=dt_socket,embedding=1,server=y,suspend=n,address=127.0.0.1:56988
Begin MonoManager ReloadAssembly
Registering precompiled unity dll's ...
Register platform support module: D:/Program Files/2020.3.10f1/Editor/Data/PlaybackEngines/WebGLSupport/UnityEditor.WebGL.Extensions.dll
Register platform support module: D:/Program Files/2020.3.10f1/Editor/Data/PlaybackEngines/WindowsStandaloneSupport/UnityEditor.WindowsStandalone.Extensions.dll
Registered in 0.006673 seconds.
Native extension for WindowsStandalone target not found
Native extension for WebGL target not found
Refreshing native plugins compatible for Editor in 119.93 ms, found 10 plugins.
Preloading 1 native plugins for Editor in 0.21 ms.
Mono: successfully reloaded assembly
- Completed reload, in  5.676 seconds
Platform modules already initialized, skipping
Registering precompiled user dll's ...
Registered in 0.022026 seconds.
Begin MonoManager ReloadAssembly
Native extension for WindowsStandalone target not found
Native extension for WebGL target not found
Refreshing native plugins compatible for Editor in 76.04 ms, found 10 plugins.
Preloading 1 native plugins for Editor in 0.20 ms.
[XR] OculusXRPlugin: registering subsystems
[XR] Unable to register display lifecyle provider: [1]
[XR] Oculus Input lifecycle provider registered.
[XR] Unable to register input lifecyle provider: [1]
NullReferenceException: Object reference not set to an instance of an object
  at Unity.XR.Oculus.OculusLoader.AssetPathToAbsolutePath (System.String assetPath) [0x00048] in D:\Morga\Documents\VR-Oculus-Demo\Library\PackageCache\com.unity.xr.oculus@1.9.1\Runtime\OculusLoader.cs:249 
  at Unity.XR.Oculus.OculusLoader.EditorLoadOVRPlugin () [0x0007b] in D:\Morga\Documents\VR-Oculus-Demo\Library\PackageCache\com.unity.xr.oculus@1.9.1\Runtime\OculusLoader.cs:234 

(Filename: Library/PackageCache/com.unity.xr.oculus@1.9.1/Runtime/OculusLoader.cs Line: 249)

Mono: successfully reloaded assembly
- Completed reload, in  5.799 seconds
Platform modules already initialized, skipping
========================================================================
Worker process is ready to serve import requests
Shader 'Universal Render Pipeline/Particles/Lit': fallback shader 'Universal Render Pipeline/Particles/SimpleLit' not found
Launched and connected shader compiler UnityShaderCompiler.exe after 0.15 seconds
Refreshing native plugins compatible for Editor in 1.07 ms, found 10 plugins.
Preloading 1 native plugins for Editor in 0.21 ms.
Unloading 3354 Unused Serialized files (Serialized files now loaded: 0)
System memory in use before: 153.7 MB.
System memory in use after: 153.7 MB.

Unloading 38 unused Assets to reduce memory usage. Loaded Objects now: 3802.
Total: 11.965300 ms (FindLiveObjects: 0.545900 ms CreateObjectMapping: 0.359000 ms MarkObjects: 10.961600 ms  DeleteObjects: 0.095900 ms)

========================================================================
Received Import Request.
  path: Assets/Stylized Brick Materials/Textures/Stone/T_Stone01_ao.png
  artifactKey: Guid(89429ae1ccb416246b5bfe18fbe099de) Importer(815301076,1909f56bfc062723c751e8b465ee728b)
Start importing Assets/Stylized Brick Materials/Textures/Stone/T_Stone01_ao.png using Guid(89429ae1ccb416246b5bfe18fbe099de) Importer(815301076,1909f56bfc062723c751e8b465ee728b)  -> (artifact id: '3e73bcda8f06c2b7672d906ccf885efa') in 0.247086 seconds
  Import took 0.267682 seconds .

========================================================================
Received Import Request.
  Time since last request: 0.000202 seconds.
  path: Assets/ExampleAssets/Textures/Props/Construction_Light/ConstructionLight_Albedo.tif
  artifactKey: Guid(2ec6e1532acb1254f9f3797b5d82db44) Importer(815301076,1909f56bfc062723c751e8b465ee728b)
Start importing Assets/ExampleAssets/Textures/Props/Construction_Light/ConstructionLight_Albedo.tif using Guid(2ec6e1532acb1254f9f3797b5d82db44) Importer(815301076,1909f56bfc062723c751e8b465ee728b)  -> (artifact id: '48e3c14752cac5b90dfe355c04068851') in 0.037754 seconds
  Import took 0.043583 seconds .

========================================================================
Received Import Request.
  Time since last request: 0.000190 seconds.
  path: Assets/Stylized Brick Materials/Textures/Stone/T_Stone01_metallic.png
  artifactKey: Guid(00c2ac7d289279a4f846d0018843cc9b) Importer(815301076,1909f56bfc062723c751e8b465ee728b)
Start importing Assets/Stylized Brick Materials/Textures/Stone/T_Stone01_metallic.png using Guid(00c2ac7d289279a4f846d0018843cc9b) Importer(815301076,1909f56bfc062723c751e8b465ee728b)  -> (artifact id: '243b1274d53846c660e0219f0a3d7bb5') in 0.118999 seconds
  Import took 0.125166 seconds .

========================================================================
Received Import Request.
  Time since last request: 0.002766 seconds.
  path: Assets/ExampleAssets/Textures/Plastic/Plastic_AlbedoSmoothness.tif
  artifactKey: Guid(1f89fed00b6bc904c861ab847a811cb8) Importer(815301076,1909f56bfc062723c751e8b465ee728b)
Start importing Assets/ExampleAssets/Textures/Plastic/Plastic_AlbedoSmoothness.tif using Guid(1f89fed00b6bc904c861ab847a811cb8) Importer(815301076,1909f56bfc062723c751e8b465ee728b)  -> (artifact id: '1f2510a3f7f2eb456b2218386c2bbf8a') in 0.031314 seconds
  Import took 0.037624 seconds .

========================================================================
Received Import Request.
  Time since last request: 0.000190 seconds.
  path: Assets/ExampleAssets/Models/magneticlevel_low.fbx
  artifactKey: Guid(bae110eee250e4b418b188f4ae4e3170) Importer(815301076,1909f56bfc062723c751e8b465ee728b)
Start importing Assets/ExampleAssets/Models/magneticlevel_low.fbx using Guid(bae110eee250e4b418b188f4ae4e3170) Importer(815301076,1909f56bfc062723c751e8b465ee728b)  -> (artifact id: 'e2e76e6fd8da9e87599faf346ac753bd') in 1.694987 seconds
  Import took 1.701389 seconds .

========================================================================
Received Import Request.
  Time since last request: 0.000261 seconds.
  path: Assets/Stylized Brick Materials/Materials/M_Brick03_Variant07.mat
  artifactKey: Guid(7049939c684dd914b9691852e2a02ff7) Importer(815301076,1909f56bfc062723c751e8b465ee728b)
Start importing Assets/Stylized Brick Materials/Materials/M_Brick03_Variant07.mat using Guid(7049939c684dd914b9691852e2a02ff7) Importer(815301076,1909f56bfc062723c751e8b465ee728b)  -> (artifact id: '45ac93baf87fffcd49130b2b7b6a9e9a') in 0.448456 seconds
  Import took 0.454829 seconds .

========================================================================
Received Import Request.
  Time since last request: 0.000194 seconds.
  path: Assets/ExampleAssets/Materials/Plastic_Transparent.mat
  artifactKey: Guid(8a38b7350df9a9c438e568993a00e5c5) Importer(815301076,1909f56bfc062723c751e8b465ee728b)
Start importing Assets/ExampleAssets/Materials/Plastic_Transparent.mat using Guid(8a38b7350df9a9c438e568993a00e5c5) Importer(815301076,1909f56bfc062723c751e8b465ee728b)  -> (artifact id: 'a1a2c4911732ab1895e6bb4c6d382814') in 0.017611 seconds
  Import took 0.023665 seconds .

========================================================================
Received Import Request.
  Time since last request: 0.000223 seconds.
  path: Assets/Stylized Brick Materials/Textures/Stone/T_Stone01_basecolor.png
  artifactKey: Guid(326bdb51bb3f0014481a87c8cb959173) Importer(815301076,1909f56bfc062723c751e8b465ee728b)
Start importing Assets/Stylized Brick Materials/Textures/Stone/T_Stone01_basecolor.png using Guid(326bdb51bb3f0014481a87c8cb959173) Importer(815301076,1909f56bfc062723c751e8b465ee728b)  -> (artifact id: 'a123dd6b5f5dc0338859c77e53e67e17') in 0.063549 seconds
  Import took 0.070040 seconds .

========================================================================
Received Import Request.
  Time since last request: 0.000231 seconds.
  path: Assets/ExampleAssets/Models/brush_low.fbx
  artifactKey: Guid(aed8c47425ab91f4eb06ce6fe47c3e4e) Importer(815301076,1909f56bfc062723c751e8b465ee728b)
Start importing Assets/ExampleAssets/Models/brush_low.fbx using Guid(aed8c47425ab91f4eb06ce6fe47c3e4e) Importer(815301076,1909f56bfc062723c751e8b465ee728b)  -> (artifact id: 'e8b83b701b0a4366880b0dd56fa39972') in 0.041434 seconds
  Import took 0.048091 seconds .

========================================================================
Received Import Request.
  Time since last request: 0.000304 seconds.
  path: Assets/Stylized Brick Materials/Materials/M_Brick01_Variant03.mat
  artifactKey: Guid(6600ba38b93d2de479d99d54f753b729) Importer(815301076,1909f56bfc062723c751e8b465ee728b)
Start importing Assets/Stylized Brick Materials/Materials/M_Brick01_Variant03.mat using Guid(6600ba38b93d2de479d99d54f753b729) Importer(815301076,1909f56bfc062723c751e8b465ee728b)  -> (artifact id: '57d6ac4ba429b398c8c9f9871c218ff2') in 0.302127 seconds
  Import took 0.312387 seconds .

========================================================================
Received Import Request.
  Time since last request: 0.000194 seconds.
  path: Assets/Stylized Brick Materials/Materials/M_Stone02_Variant02.mat
  artifactKey: Guid(0558ea61733f64941a37cd788cdb9a0c) Importer(815301076,1909f56bfc062723c751e8b465ee728b)
Start importing Assets/Stylized Brick Materials/Materials/M_Stone02_Variant02.mat using Guid(0558ea61733f64941a37cd788cdb9a0c) Importer(815301076,1909f56bfc062723c751e8b465ee728b)  -> (artifact id: 'd98ce4799f2304b878cdc3e3dc50c7c1') in 0.283506 seconds
  Import took 0.291490 seconds .

========================================================================
Received Import Request.
  Time since last request: 0.000194 seconds.
  path: Assets/ExampleAssets/Textures/Plastic/Elastic_MetallicOcculusionSmoothness.tif
  artifactKey: Guid(f5df2fb0c070b57429f8ca23b216093b) Importer(815301076,1909f56bfc062723c751e8b465ee728b)
Start importing Assets/ExampleAssets/Textures/Plastic/Elastic_MetallicOcculusionSmoothness.tif using Guid(f5df2fb0c070b57429f8ca23b216093b) Importer(815301076,1909f56bfc062723c751e8b465ee728b)  -> (artifact id: '88643f0276897d9e0ffc3272527c1ff5') in 0.023937 seconds
  Import took 0.029997 seconds .

========================================================================
Received Import Request.
  Time since last request: 0.000930 seconds.
  path: Assets/Stylized Brick Materials/Textures/Stone/T_Stone01_height.png
  artifactKey: Guid(3a4f089c46256a54e87f3c747399ebfd) Importer(815301076,1909f56bfc062723c751e8b465ee728b)
Start importing Assets/Stylized Brick Materials/Textures/Stone/T_Stone01_height.png using Guid(3a4f089c46256a54e87f3c747399ebfd) Importer(815301076,1909f56bfc062723c751e8b465ee728b)  -> (artifact id: '3be9990fd32d09e3af1c7bef93847c9b') in 0.080464 seconds
  Import took 0.086846 seconds .

========================================================================
Received Import Request.
  Time since last request: 0.000234 seconds.
  path: Assets/ExampleAssets/Materials/Plastic_Gray_Mat.mat
  artifactKey: Guid(4dad30bbe2213eb4d8312f7bb6190866) Importer(815301076,1909f56bfc062723c751e8b465ee728b)
Start importing Assets/ExampleAssets/Materials/Plastic_Gray_Mat.mat using Guid(4dad30bbe2213eb4d8312f7bb6190866) Importer(815301076,1909f56bfc062723c751e8b465ee728b)  -> (artifact id: '23117dde90db9f21084cd1fc1c8e73a5') in 0.237478 seconds
  Import took 0.243944 seconds .

========================================================================
Received Import Request.
  Time since last request: 0.000465 seconds.
  path: Assets/Stylized Brick Materials/Materials/M_Brick04_Variant03.mat
  artifactKey: Guid(42d337526ee1691458e8b1a5b9a315e1) Importer(815301076,1909f56bfc062723c751e8b465ee728b)
Start importing Assets/Stylized Brick Materials/Materials/M_Brick04_Variant03.mat using Guid(42d337526ee1691458e8b1a5b9a315e1) Importer(815301076,1909f56bfc062723c751e8b465ee728b)  -> (artifact id: 'c11c7b0cb8a1a4a8501c1dff55a59ff3') in 0.239153 seconds
  Import took 0.246501 seconds .

========================================================================
Received Import Request.
  Time since last request: 0.000211 seconds.
  path: Assets/ExampleAssets/Models/ConstructionLight_Low.fbx
  artifactKey: Guid(e3ae06a3979f53046aa05330d69de1fa) Importer(815301076,1909f56bfc062723c751e8b465ee728b)
Start importing Assets/ExampleAssets/Models/ConstructionLight_Low.fbx using Guid(e3ae06a3979f53046aa05330d69de1fa) Importer(815301076,1909f56bfc062723c751e8b465ee728b)  -> (artifact id: 'd78ae2063e0cac7d049ff269e26b3585') in 0.078064 seconds
  Import took 0.084760 seconds .

========================================================================
Received Import Request.
  Time since last request: 0.000217 seconds.
  path: Assets/Stylized Brick Materials/Materials
  artifactKey: Guid(373460677ecc5804ebc28fe191cb38e3) Importer(815301076,1909f56bfc062723c751e8b465ee728b)
Start importing Assets/Stylized Brick Materials/Materials using Guid(373460677ecc5804ebc28fe191cb38e3) Importer(815301076,1909f56bfc062723c751e8b465ee728b)  -> (artifact id: '2d9799c31e76579736398a154f749317') in 0.010407 seconds
  Import took 0.023730 seconds .

========================================================================
Received Import Request.
  Time since last request: 0.000250 seconds.
  path: Assets/Stylized Brick Materials/Materials/M_Stone02_Variant04.mat
  artifactKey: Guid(05ccc52f27c3f9944a5da9cb09d31343) Importer(815301076,1909f56bfc062723c751e8b465ee728b)
Start importing Assets/Stylized Brick Materials/Materials/M_Stone02_Variant04.mat using Guid(05ccc52f27c3f9944a5da9cb09d31343) Importer(815301076,1909f56bfc062723c751e8b465ee728b)  -> (artifact id: 'f1ce351de909a3a644917b549be1391a') in 0.328285 seconds
  Import took 0.343562 seconds .

========================================================================
Received Import Request.
  Time since last request: 0.000237 seconds.
  path: Assets/Stylized Brick Materials/Materials/M_Stone01.mat
  artifactKey: Guid(cc63e13cb45953849a973fc8923032c6) Importer(815301076,1909f56bfc062723c751e8b465ee728b)
Start importing Assets/Stylized Brick Materials/Materials/M_Stone01.mat using Guid(cc63e13cb45953849a973fc8923032c6) Importer(815301076,1909f56bfc062723c751e8b465ee728b)  -> (artifact id: '7f3850135760a9618c78e007fde94eb1') in 0.378023 seconds
  Import took 0.388029 seconds .

========================================================================
Received Import Request.
  Time since last request: 0.000247 seconds.
  path: Assets/Stylized Brick Materials/Materials/M_Brick03_Variant04.mat
  artifactKey: Guid(aec53cb1e4ef93a4e80eb2b7b420217c) Importer(815301076,1909f56bfc062723c751e8b465ee728b)
Start importing Assets/Stylized Brick Materials/Materials/M_Brick03_Variant04.mat using Guid(aec53cb1e4ef93a4e80eb2b7b420217c) Importer(815301076,1909f56bfc062723c751e8b465ee728b)  -> (artifact id: '705e390d1a1f23fd472df76b2437aaf7') in 0.338536 seconds
  Import took 0.352073 seconds .

========================================================================
Received Import Request.
  Time since last request: 0.000216 seconds.
  path: Assets/Stylized Brick Materials/Materials/M_Brick01_Variant02.mat
  artifactKey: Guid(c52059b96ac7ddc438a039673d11f56d) Importer(815301076,1909f56bfc062723c751e8b465ee728b)
Start importing Assets/Stylized Brick Materials/Materials/M_Brick01_Variant02.mat using Guid(c52059b96ac7ddc438a039673d11f56d) Importer(815301076,1909f56bfc062723c751e8b465ee728b)  -> (artifact id: '35e3a23593ac8dae833c537a11d985d3') in 0.289854 seconds
  Import took 0.296631 seconds .

========================================================================
Received Import Request.
  Time since last request: 0.000200 seconds.
  path: Assets/ExampleAssets/Materials/Plastic_Ridges_Mat.mat
  artifactKey: Guid(c05de7c865075334786e6a47a543af72) Importer(815301076,1909f56bfc062723c751e8b465ee728b)
Start importing Assets/ExampleAssets/Materials/Plastic_Ridges_Mat.mat using Guid(c05de7c865075334786e6a47a543af72) Importer(815301076,1909f56bfc062723c751e8b465ee728b)  -> (artifact id: '68f6dfe0076d024dda000f84058488aa') in 0.145260 seconds
  Import took 0.151970 seconds .

========================================================================
Received Import Request.
  Time since last request: 0.000224 seconds.
  path: Assets/Stylized Brick Materials/Textures/Stone/T_Stone01_normal.png
  artifactKey: Guid(03770cf663f78434c95c2e0e5147d7f8) Importer(815301076,1909f56bfc062723c751e8b465ee728b)
Start importing Assets/Stylized Brick Materials/Textures/Stone/T_Stone01_normal.png using Guid(03770cf663f78434c95c2e0e5147d7f8) Importer(815301076,1909f56bfc062723c751e8b465ee728b)  -> (artifact id: '5fc8d41a45d95903441ea7690e5a273f') in 0.098646 seconds
  Import took 0.106059 seconds .

========================================================================
Received Import Request.
  Time since last request: 0.000238 seconds.
  path: Assets/Stylized Brick Materials/Materials/M_Brick04_Variant02.mat
  artifactKey: Guid(9667b2f081553994bb12948f00bb2402) Importer(815301076,1909f56bfc062723c751e8b465ee728b)
Start importing Assets/Stylized Brick Materials/Materials/M_Brick04_Variant02.mat using Guid(9667b2f081553994bb12948f00bb2402) Importer(815301076,1909f56bfc062723c751e8b465ee728b)  -> (artifact id: 'ce4de248e14e6c6b5a2bd796b3d9009e') in 0.225449 seconds
  Import took 0.231830 seconds .

========================================================================
Received Import Request.
  Time since last request: 0.000207 seconds.
  path: Assets/Stylized Brick Materials/Materials/M_Brick04.mat
  artifactKey: Guid(dbc5829fc346fa64f84a8c2e7dd4aaf2) Importer(815301076,1909f56bfc062723c751e8b465ee728b)
Start importing Assets/Stylized Brick Materials/Materials/M_Brick04.mat using Guid(dbc5829fc346fa64f84a8c2e7dd4aaf2) Importer(815301076,1909f56bfc062723c751e8b465ee728b)  -> (artifact id: 'dfd23880b15c816f3eb8ef7c147af3d4') in 0.235298 seconds
  Import took 0.241350 seconds .

========================================================================
Received Import Request.
  Time since last request: 0.000200 seconds.
  path: Assets/Stylized Brick Materials/Materials/M_Stone02_Variant05.mat
  artifactKey: Guid(5d45d5b3a7d06434691080051f06e67f) Importer(815301076,1909f56bfc062723c751e8b465ee728b)
Start importing Assets/Stylized Brick Materials/Materials/M_Stone02_Variant05.mat using Guid(5d45d5b3a7d06434691080051f06e67f) Importer(815301076,1909f56bfc062723c751e8b465ee728b)  -> (artifact id: '4978c3e7ccf8497f2235e3526842474d') in 0.277205 seconds
  Import took 0.287506 seconds .

========================================================================
Received Import Request.
  Time since last request: 0.000238 seconds.
  path: Assets/Stylized Brick Materials/Materials/M_Brick03_Variant01.mat
  artifactKey: Guid(c6f0efbea3f82864486fc78ddd1e58c3) Importer(815301076,1909f56bfc062723c751e8b465ee728b)
Start importing Assets/Stylized Brick Materials/Materials/M_Brick03_Variant01.mat using Guid(c6f0efbea3f82864486fc78ddd1e58c3) Importer(815301076,1909f56bfc062723c751e8b465ee728b)  -> (artifact id: '37bc1d8757d26fac1aab3c2c18235baf') in 0.277069 seconds
  Import took 0.284898 seconds .

========================================================================
Received Import Request.
  Time since last request: 0.000282 seconds.
  path: Assets/Stylized Brick Materials/Materials/M_Stone02_Variant01.mat
  artifactKey: Guid(c4151470e2c373e4088e04228aa54211) Importer(815301076,1909f56bfc062723c751e8b465ee728b)
Start importing Assets/Stylized Brick Materials/Materials/M_Stone02_Variant01.mat using Guid(c4151470e2c373e4088e04228aa54211) Importer(815301076,1909f56bfc062723c751e8b465ee728b)  -> (artifact id: 'be3019d272055ec778ad78d288e77eb1') in 0.274635 seconds
  Import took 0.285650 seconds .

========================================================================
Received Import Request.
  Time since last request: 0.000204 seconds.
  path: Assets/Stylized Brick Materials/Textures/Stone/T_Stone01_basecolor_Variant01.png
  artifactKey: Guid(fbadbb5dd49c83a4aa670336538cb00b) Importer(815301076,1909f56bfc062723c751e8b465ee728b)
Start importing Assets/Stylized Brick Materials/Textures/Stone/T_Stone01_basecolor_Variant01.png using Guid(fbadbb5dd49c83a4aa670336538cb00b) Importer(815301076,1909f56bfc062723c751e8b465ee728b)  -> (artifact id: '07dfd72018318e72926587d55ae28f1b') in 0.063047 seconds
  Import took 0.068518 seconds .

========================================================================
Received Import Request.
  Time since last request: 0.000192 seconds.
  path: Assets/Stylized Brick Materials/Materials/M_Brick05.mat
  artifactKey: Guid(5a3ac0d286a1b97438bdf12f82c4da87) Importer(815301076,1909f56bfc062723c751e8b465ee728b)
Start importing Assets/Stylized Brick Materials/Materials/M_Brick05.mat using Guid(5a3ac0d286a1b97438bdf12f82c4da87) Importer(815301076,1909f56bfc062723c751e8b465ee728b)  -> (artifact id: 'e7016ca53b143579fd857dc835dde28c') in 0.272800 seconds
  Import took 0.281167 seconds .

========================================================================
Received Import Request.
  Time since last request: 0.000215 seconds.
  path: Assets/Oculus/VR/Prefabs/OVRCustomHandPrefab_L.prefab
  artifactKey: Guid(c6a74181d4000004887343fb87b3c53a) Importer(815301076,1909f56bfc062723c751e8b465ee728b)
Start importing Assets/Oculus/VR/Prefabs/OVRCustomHandPrefab_L.prefab using Guid(c6a74181d4000004887343fb87b3c53a) Importer(815301076,1909f56bfc062723c751e8b465ee728b)  -> (artifact id: '1370176b31a221638c557291758caf38') in 0.018709 seconds
  Import took 0.025414 seconds .

========================================================================
Received Import Request.
  Time since last request: 0.000196 seconds.
  path: Assets/Stylized Brick Materials/Textures/Stone/T_Stone01_basecolor_Variant05.png
  artifactKey: Guid(d7cd9336837aa384baa97b779a9c7d89) Importer(815301076,1909f56bfc062723c751e8b465ee728b)
Start importing Assets/Stylized Brick Materials/Textures/Stone/T_Stone01_basecolor_Variant05.png using Guid(d7cd9336837aa384baa97b779a9c7d89) Importer(815301076,1909f56bfc062723c751e8b465ee728b)  -> (artifact id: '9927dd18bd03c5a91643775fbf877821') in 0.076586 seconds
  Import took 0.082872 seconds .

========================================================================
Received Import Request.
  Time since last request: 0.000210 seconds.
  path: Assets/Oculus/SampleFramework/Core/CustomHands/Animations/l_hand_relax_mid_fist_anim.fbx
  artifactKey: Guid(ce6184a26b41c254ea24a5968f59d34e) Importer(815301076,1909f56bfc062723c751e8b465ee728b)
Start importing Assets/Oculus/SampleFramework/Core/CustomHands/Animations/l_hand_relax_mid_fist_anim.fbx using Guid(ce6184a26b41c254ea24a5968f59d34e) Importer(815301076,1909f56bfc062723c751e8b465ee728b)  -> (artifact id: '791751183166b4e83db1deb8e4b6e4ad') in 0.022622 seconds
  Import took 0.033356 seconds .

========================================================================
Received Import Request.
  Time since last request: 0.000237 seconds.
  path: Assets/Stylized Brick Materials/Materials/M_Stone02_Variant03.mat
  artifactKey: Guid(2c1dda915acb33641b57cf966bff604b) Importer(815301076,1909f56bfc062723c751e8b465ee728b)
Start importing Assets/Stylized Brick Materials/Materials/M_Stone02_Variant03.mat using Guid(2c1dda915acb33641b57cf966bff604b) Importer(815301076,1909f56bfc062723c751e8b465ee728b)  -> (artifact id: 'f5831b5c26364abfc8003580d2c6fd0f') in 0.269593 seconds
  Import took 0.276034 seconds .

========================================================================
Received Import Request.
  Time since last request: 0.000216 seconds.
  path: Assets/ExampleAssets/Models/safetygoggles_low.fbx
  artifactKey: Guid(6296e48663fd7ad46b1a2af507f871cf) Importer(815301076,1909f56bfc062723c751e8b465ee728b)
Start importing Assets/ExampleAssets/Models/safetygoggles_low.fbx using Guid(6296e48663fd7ad46b1a2af507f871cf) Importer(815301076,1909f56bfc062723c751e8b465ee728b)  -> (artifact id: 'd91edf6a67a9a13c6876e34fbbfacdce') in 0.047108 seconds
  Import took 0.055878 seconds .

========================================================================
Received Import Request.
  Time since last request: 0.000199 seconds.
  path: Assets/Stylized Brick Materials/Materials/M_Brick01_Variant01.mat
  artifactKey: Guid(339957fc03bb06d498d1ba479112ba48) Importer(815301076,1909f56bfc062723c751e8b465ee728b)
Start importing Assets/Stylized Brick Materials/Materials/M_Brick01_Variant01.mat using Guid(339957fc03bb06d498d1ba479112ba48) Importer(815301076,1909f56bfc062723c751e8b465ee728b)  -> (artifact id: '1552b33680b153332545699c0a4a7263') in 0.279045 seconds
  Import took 0.286092 seconds .

========================================================================
Received Import Request.
  Time since last request: 0.000273 seconds.
  path: Assets/Stylized Brick Materials/Materials/M_Brick05_V1.mat
  artifactKey: Guid(e87ae93f4b161ad4d823b9960e55f44b) Importer(815301076,1909f56bfc062723c751e8b465ee728b)
Start importing Assets/Stylized Brick Materials/Materials/M_Brick05_V1.mat using Guid(e87ae93f4b161ad4d823b9960e55f44b) Importer(815301076,1909f56bfc062723c751e8b465ee728b)  -> (artifact id: 'f35a554a7c6fa008f3e0db24f319dc9d') in 0.265168 seconds
  Import took 0.273426 seconds .

========================================================================
Received Import Request.
  Time since last request: 0.000308 seconds.
  path: Assets/ExampleAssets/Materials/Plastic_Rough_Mat.mat
  artifactKey: Guid(a5aaee4111611af43b5abbff184fe5fa) Importer(815301076,1909f56bfc062723c751e8b465ee728b)
Start importing Assets/ExampleAssets/Materials/Plastic_Rough_Mat.mat using Guid(a5aaee4111611af43b5abbff184fe5fa) Importer(815301076,1909f56bfc062723c751e8b465ee728b)  -> (artifact id: '53e2c7bb62751deaa49229dd8ecd8d69') in 0.042502 seconds
  Import took 0.048992 seconds .

========================================================================
Received Import Request.
  Time since last request: 0.000216 seconds.
  path: Assets/Stylized Brick Materials/Materials/M_Brick03_Variant03.mat
  artifactKey: Guid(bf48e5838a3489f4da8803ab6cd83f61) Importer(815301076,1909f56bfc062723c751e8b465ee728b)
Start importing Assets/Stylized Brick Materials/Materials/M_Brick03_Variant03.mat using Guid(bf48e5838a3489f4da8803ab6cd83f61) Importer(815301076,1909f56bfc062723c751e8b465ee728b)  -> (artifact id: '2db6a72e75284bd0940ad2cdbdb735a4') in 0.320708 seconds
  Import took 0.332462 seconds .

========================================================================
Received Import Request.
  Time since last request: 0.000211 seconds.
  path: Assets/Oculus/VR/Prefabs/OVRCustomHandPrefab_R.prefab
  artifactKey: Guid(e201a24a09e942042b93390d0444d728) Importer(815301076,1909f56bfc062723c751e8b465ee728b)
Start importing Assets/Oculus/VR/Prefabs/OVRCustomHandPrefab_R.prefab using Guid(e201a24a09e942042b93390d0444d728) Importer(815301076,1909f56bfc062723c751e8b465ee728b)  -> (artifact id: 'fbcec55860c5326446da206e9b2a7416') in 0.012905 seconds
  Import took 0.019707 seconds .

========================================================================
Received Import Request.
  Time since last request: 0.000184 seconds.
  path: Assets/Stylized Brick Materials/Materials/M_Brick04_Variant01.mat
  artifactKey: Guid(1aecaff51b2ae244c9826b86c7f9d6a7) Importer(815301076,1909f56bfc062723c751e8b465ee728b)
Start importing Assets/Stylized Brick Materials/Materials/M_Brick04_Variant01.mat using Guid(1aecaff51b2ae244c9826b86c7f9d6a7) Importer(815301076,1909f56bfc062723c751e8b465ee728b)  -> (artifact id: 'a953186207308c88184665bf2f01703d') in 0.240633 seconds
  Import took 0.247776 seconds .

========================================================================
Received Import Request.
  Time since last request: 0.000370 seconds.
  path: Assets/Stylized Brick Materials/Textures/Stone/T_Stone01_basecolor_Variant04.png
  artifactKey: Guid(34aa1aec5585f7b439d109832e2a25a0) Importer(815301076,1909f56bfc062723c751e8b465ee728b)
Start importing Assets/Stylized Brick Materials/Textures/Stone/T_Stone01_basecolor_Variant04.png using Guid(34aa1aec5585f7b439d109832e2a25a0) Importer(815301076,1909f56bfc062723c751e8b465ee728b)  -> (artifact id: '11d5e0a71a72b4a14d6dcb3645fcab2a') in 0.066206 seconds
  Import took 0.072044 seconds .

========================================================================
Received Import Request.
  Time since last request: 0.000249 seconds.
  path: Assets/Oculus/SampleFramework/Core/CustomHands/Animations/l_hand_fist_anim.fbx
  artifactKey: Guid(7cb2e1480bb51ce4282f540ea3f41d4f) Importer(815301076,1909f56bfc062723c751e8b465ee728b)
Start importing Assets/Oculus/SampleFramework/Core/CustomHands/Animations/l_hand_fist_anim.fbx using Guid(7cb2e1480bb51ce4282f540ea3f41d4f) Importer(815301076,1909f56bfc062723c751e8b465ee728b)  -> (artifact id: '4c8def5241553547b3c5bf39bb872822') in 0.020068 seconds
  Import took 0.029238 seconds .

========================================================================
Received Import Request.
  Time since last request: 0.000322 seconds.
  path: Assets/ExampleAssets/Textures/Props/Construction_Light/ConstructionLight_MetallicOcculusionSmoothness.tif
  artifactKey: Guid(9a81f1a59f171804e84fce76584bdcb7) Importer(815301076,1909f56bfc062723c751e8b465ee728b)
Start importing Assets/ExampleAssets/Textures/Props/Construction_Light/ConstructionLight_MetallicOcculusionSmoothness.tif using Guid(9a81f1a59f171804e84fce76584bdcb7) Importer(815301076,1909f56bfc062723c751e8b465ee728b)  -> (artifact id: '64316a056b5fdd640e5de61889364a5d') in 0.029265 seconds
  Import took 0.036486 seconds .

========================================================================
Received Import Request.
  Time since last request: 0.000306 seconds.
  path: Assets/ExampleAssets/Models/paintbucket_low.fbx
  artifactKey: Guid(b451a052397f03c4f8a04d915d1c0492) Importer(815301076,1909f56bfc062723c751e8b465ee728b)
Start importing Assets/ExampleAssets/Models/paintbucket_low.fbx using Guid(b451a052397f03c4f8a04d915d1c0492) Importer(815301076,1909f56bfc062723c751e8b465ee728b)  -> (artifact id: '77d5d7a1885669b649b28e71b0d8208f') in 0.062238 seconds
  Import took 0.068570 seconds .

========================================================================
Received Import Request.
  Time since last request: 0.000200 seconds.
  path: Assets/Stylized Brick Materials/Materials/M_Brick03_Variant06.mat
  artifactKey: Guid(80fb7b98fd841464da8bf206b36b8103) Importer(815301076,1909f56bfc062723c751e8b465ee728b)
Start importing Assets/Stylized Brick Materials/Materials/M_Brick03_Variant06.mat using Guid(80fb7b98fd841464da8bf206b36b8103) Importer(815301076,1909f56bfc062723c751e8b465ee728b)  -> (artifact id: '4e1556ba12d377b76abeb0a5f0f77446') in 0.286099 seconds
  Import took 0.292127 seconds .

========================================================================
Received Import Request.
  Time since last request: 0.000229 seconds.
  path: Assets/Stylized Brick Materials/Materials/M_Brick03.mat
  artifactKey: Guid(e190f812556bdca47b901092593629bf) Importer(815301076,1909f56bfc062723c751e8b465ee728b)
Start importing Assets/Stylized Brick Materials/Materials/M_Brick03.mat using Guid(e190f812556bdca47b901092593629bf) Importer(815301076,1909f56bfc062723c751e8b465ee728b)  -> (artifact id: 'af3ec97af9b0dfa71afacf52eba39542') in 0.276464 seconds
  Import took 0.283202 seconds .

========================================================================
Received Import Request.
  Time since last request: 0.000198 seconds.
  path: Assets/ExampleAssets/Textures/Plastic/Plastic_Normal.tif
  artifactKey: Guid(e109905c411b0f84e82eaaf2705ece30) Importer(815301076,1909f56bfc062723c751e8b465ee728b)
Start importing Assets/ExampleAssets/Textures/Plastic/Plastic_Normal.tif using Guid(e109905c411b0f84e82eaaf2705ece30) Importer(815301076,1909f56bfc062723c751e8b465ee728b)  -> (artifact id: '90c4f4fac14989cd2398abcd1eddde9d') in 0.016419 seconds
  Import took 0.022305 seconds .

========================================================================
Received Import Request.
  Time since last request: 0.000194 seconds.
  path: Assets/Oculus/SampleFramework/Core/CustomHands/Textures/Hands_stripes_01.png
  artifactKey: Guid(3eb12af43cd0000409a977bcf35e4d4a) Importer(815301076,1909f56bfc062723c751e8b465ee728b)
Start importing Assets/Oculus/SampleFramework/Core/CustomHands/Textures/Hands_stripes_01.png using Guid(3eb12af43cd0000409a977bcf35e4d4a) Importer(815301076,1909f56bfc062723c751e8b465ee728b)  -> (artifact id: 'a7071e9f53aefbe6e8d12a0cc6776c25') in 0.086045 seconds
  Import took 0.092263 seconds .

========================================================================
Received Import Request.
  Time since last request: 0.000212 seconds.
  path: Assets/Stylized Brick Materials/Textures/Stone/T_Stone01_basecolor_Variant02.png
  artifactKey: Guid(368b6235e445efa4792349cf0321a3a8) Importer(815301076,1909f56bfc062723c751e8b465ee728b)
Start importing Assets/Stylized Brick Materials/Textures/Stone/T_Stone01_basecolor_Variant02.png using Guid(368b6235e445efa4792349cf0321a3a8) Importer(815301076,1909f56bfc062723c751e8b465ee728b)  -> (artifact id: 'b4524bef67381142d5a8efbb6ab78705') in 0.077024 seconds
  Import took 0.086048 seconds .

========================================================================
Received Import Request.
  Time since last request: 0.000203 seconds.
  path: Assets/ExampleAssets/Textures/Plastic/Elastic_Normal.tif
  artifactKey: Guid(db17334dfe5991a4bbe241ee9a728c38) Importer(815301076,1909f56bfc062723c751e8b465ee728b)
Start importing Assets/ExampleAssets/Textures/Plastic/Elastic_Normal.tif using Guid(db17334dfe5991a4bbe241ee9a728c38) Importer(815301076,1909f56bfc062723c751e8b465ee728b)  -> (artifact id: 'bb565e6848a774390686e2b709ceb863') in 0.022504 seconds
  Import took 0.029456 seconds .

========================================================================
Received Import Request.
  Time since last request: 0.000218 seconds.
  path: Assets/Stylized Brick Materials/Textures/Stone/T_Stone01_basecolor_Variant03.png
  artifactKey: Guid(d9789d488e9ccc448925e0603c0e411e) Importer(815301076,1909f56bfc062723c751e8b465ee728b)
Start importing Assets/Stylized Brick Materials/Textures/Stone/T_Stone01_basecolor_Variant03.png using Guid(d9789d488e9ccc448925e0603c0e411e) Importer(815301076,1909f56bfc062723c751e8b465ee728b)  -> (artifact id: 'be4f3016aaf9a795b2c166f21bbf09a6') in 0.061704 seconds
  Import took 0.068362 seconds .

========================================================================
Received Import Request.
  Time since last request: 0.000429 seconds.
  path: Assets/Stylized Brick Materials/Textures/Stone
  artifactKey: Guid(b85cf625f9ca49945adee54233bce91d) Importer(815301076,1909f56bfc062723c751e8b465ee728b)
Start importing Assets/Stylized Brick Materials/Textures/Stone using Guid(b85cf625f9ca49945adee54233bce91d) Importer(815301076,1909f56bfc062723c751e8b465ee728b)  -> (artifact id: 'b73602312f59dd920976b5bf5b9b9af1') in 0.009167 seconds
  Import took 0.014774 seconds .

========================================================================
Received Import Request.
  Time since last request: 0.000194 seconds.
  path: Assets/ExampleAssets
  artifactKey: Guid(990f5c2df70993f4987a388ca178996a) Importer(815301076,1909f56bfc062723c751e8b465ee728b)
Start importing Assets/ExampleAssets using Guid(990f5c2df70993f4987a388ca178996a) Importer(815301076,1909f56bfc062723c751e8b465ee728b)  -> (artifact id: 'd7f803e1b12591de9878c5dffbdd6bf0') in 0.009713 seconds
  Import took 0.016325 seconds .

========================================================================
Received Import Request.
  Time since last request: 0.000132 seconds.
  path: Assets/Stylized Brick Materials/Materials/M_Brick03_Variant02.mat
  artifactKey: Guid(52c2c3fe231a6e745a53512ce32b14ce) Importer(815301076,1909f56bfc062723c751e8b465ee728b)
Start importing Assets/Stylized Brick Materials/Materials/M_Brick03_Variant02.mat using Guid(52c2c3fe231a6e745a53512ce32b14ce) Importer(815301076,1909f56bfc062723c751e8b465ee728b)  -> (artifact id: 'a26d6cf3df2c6518b0fccbbd589d5e4f') in 0.304214 seconds
  Import took 0.311040 seconds .

========================================================================
Received Import Request.
  Time since last request: 0.000206 seconds.
  path: Assets/ExampleAssets/Materials/Plastic_Black_Mat.mat
  artifactKey: Guid(e745492728544aa488aa0429b6068e71) Importer(815301076,1909f56bfc062723c751e8b465ee728b)
Start importing Assets/ExampleAssets/Materials/Plastic_Black_Mat.mat using Guid(e745492728544aa488aa0429b6068e71) Importer(815301076,1909f56bfc062723c751e8b465ee728b)  -> (artifact id: 'de61db4033a54834e2c2cf435677b20a') in 0.030652 seconds
  Import took 0.039811 seconds .

========================================================================
Received Import Request.
  Time since last request: 0.000196 seconds.
  path: Assets/Stylized Brick Materials/Materials/M_Brick01_Variant04.mat
  artifactKey: Guid(6f6284b83c54d0246b535da6842d568c) Importer(815301076,1909f56bfc062723c751e8b465ee728b)
Start importing Assets/Stylized Brick Materials/Materials/M_Brick01_Variant04.mat using Guid(6f6284b83c54d0246b535da6842d568c) Importer(815301076,1909f56bfc062723c751e8b465ee728b)  -> (artifact id: 'c90953d78f13b73ebe23cef6d43f9788') in 0.300427 seconds
  Import took 0.309728 seconds .

========================================================================
Received Import Request.
  Time since last request: 0.000470 seconds.
  path: Assets/Stylized Brick Materials/Materials/M_Brick03_Variant05.mat
  artifactKey: Guid(dfdd3d48ec665b444b671788937386ff) Importer(815301076,1909f56bfc062723c751e8b465ee728b)
Start importing Assets/Stylized Brick Materials/Materials/M_Brick03_Variant05.mat using Guid(dfdd3d48ec665b444b671788937386ff) Importer(815301076,1909f56bfc062723c751e8b465ee728b)  -> (artifact id: 'f368ec3f24bef60caf2b39bf634b0bf4') in 0.317039 seconds
  Import took 0.325284 seconds .

========================================================================
Received Import Request.
  Time since last request: 0.000200 seconds.
  path: Assets/Oculus/SampleFramework/Core/CustomHands/Animations/l_hand_relax_3qtr_fist_anim.fbx
  artifactKey: Guid(79e0d96a3e30fec46a930ab7dd95ef5f) Importer(815301076,1909f56bfc062723c751e8b465ee728b)
Start importing Assets/Oculus/SampleFramework/Core/CustomHands/Animations/l_hand_relax_3qtr_fist_anim.fbx using Guid(79e0d96a3e30fec46a930ab7dd95ef5f) Importer(815301076,1909f56bfc062723c751e8b465ee728b)  -> (artifact id: 'bf0a117e4a9da80b303e95e2949ae983') in 0.024781 seconds
  Import took 0.032175 seconds .

========================================================================
Received Import Request.
  Time since last request: 0.000185 seconds.
  path: Assets/Stylized Brick Materials/Materials/M_Brick01.mat
  artifactKey: Guid(2aec896d05d5c6c45a17eb104c430cd8) Importer(815301076,1909f56bfc062723c751e8b465ee728b)
Start importing Assets/Stylized Brick Materials/Materials/M_Brick01.mat using Guid(2aec896d05d5c6c45a17eb104c430cd8) Importer(815301076,1909f56bfc062723c751e8b465ee728b)  -> (artifact id: '6e1761b06a30b0624e3456b07a957316') in 0.321569 seconds
  Import took 0.327687 seconds .

========================================================================
Received Import Request.
  Time since last request: 10.399449 seconds.
  path: Assets/Dungeon Ground
  artifactKey: Guid(8e8af58b61e68e1449e6ebe3d7dd5247) Importer(815301076,1909f56bfc062723c751e8b465ee728b)
Start importing Assets/Dungeon Ground using Guid(8e8af58b61e68e1449e6ebe3d7dd5247) Importer(815301076,1909f56bfc062723c751e8b465ee728b)  -> (artifact id: '2d9be7bcb3870f2ce5ebb8e37771a874') in 0.009104 seconds
  Import took 0.016646 seconds .

========================================================================
Received Import Request.
  Time since last request: 0.032008 seconds.
  path: Assets/Dungeon Ground/Dungeon_Grond_psd.psd
  artifactKey: Guid(705a81b05b330a74899d8db595e85af1) Importer(815301076,1909f56bfc062723c751e8b465ee728b)
Start importing Assets/Dungeon Ground/Dungeon_Grond_psd.psd using Guid(705a81b05b330a74899d8db595e85af1) Importer(815301076,1909f56bfc062723c751e8b465ee728b)  -> (artifact id: '9a298913fdc6764176d0055969e2b7f7') in 0.057514 seconds
  Import took 0.065416 seconds .

========================================================================
Received Import Request.
  Time since last request: 0.000419 seconds.
  path: Assets/Dungeon Ground/Dungeon_GrondDiffuse.png
  artifactKey: Guid(ae3a1d68b034b6d42a9f799d53cda853) Importer(815301076,1909f56bfc062723c751e8b465ee728b)
Start importing Assets/Dungeon Ground/Dungeon_GrondDiffuse.png using Guid(ae3a1d68b034b6d42a9f799d53cda853) Importer(815301076,1909f56bfc062723c751e8b465ee728b)  -> (artifact id: 'ad6bd2375f71858687cb642feaa7dd14') in 0.024306 seconds
  Import took 0.030611 seconds .

========================================================================
Received Import Request.
  Time since last request: 0.000288 seconds.
  path: Assets/Dungeon Ground/Dungeon_GrondNormal.png
  artifactKey: Guid(4c6173136c47a6742a07e035294a6f24) Importer(815301076,1909f56bfc062723c751e8b465ee728b)
Start importing Assets/Dungeon Ground/Dungeon_GrondNormal.png using Guid(4c6173136c47a6742a07e035294a6f24) Importer(815301076,1909f56bfc062723c751e8b465ee728b)  -> (artifact id: '83128e6009e25e0a60b047cba9d5d406') in 0.025926 seconds
  Import took 0.032904 seconds .

========================================================================
Received Import Request.
  Time since last request: 0.000287 seconds.
  path: Assets/Dungeon Ground/Dungeon_GrondSpec.png
  artifactKey: Guid(928e71b9fa762e345b757c649dce46fd) Importer(815301076,1909f56bfc062723c751e8b465ee728b)
Start importing Assets/Dungeon Ground/Dungeon_GrondSpec.png using Guid(928e71b9fa762e345b757c649dce46fd) Importer(815301076,1909f56bfc062723c751e8b465ee728b)  -> (artifact id: 'd2618c327c2b8eedb1b4da731f492f48') in 0.024371 seconds
  Import took 0.030332 seconds .

========================================================================
Received Import Request.
  Time since last request: 0.000197 seconds.
  path: Assets/Dungeon Ground/Dungeon_GrondAO.png
  artifactKey: Guid(b6baddb2dd271054aba3087ac360f16c) Importer(815301076,1909f56bfc062723c751e8b465ee728b)
Start importing Assets/Dungeon Ground/Dungeon_GrondAO.png using Guid(b6baddb2dd271054aba3087ac360f16c) Importer(815301076,1909f56bfc062723c751e8b465ee728b)  -> (artifact id: 'def3af3c932ab2cfe464bcb76bdfe7b4') in 0.024029 seconds
  Import took 0.029941 seconds .

========================================================================
Received Import Request.
  Time since last request: 1.192675 seconds.
  path: Assets/Dungeon Ground/Material
  artifactKey: Guid(4f52fbd500a1a8e499d778e199628dc6) Importer(815301076,1909f56bfc062723c751e8b465ee728b)
Start importing Assets/Dungeon Ground/Material using Guid(4f52fbd500a1a8e499d778e199628dc6) Importer(815301076,1909f56bfc062723c751e8b465ee728b)  -> (artifact id: '44a7ee71c461080015bc72b8b63489bf') in 0.008264 seconds
  Import took 0.015702 seconds .

========================================================================
Received Import Request.
  Time since last request: 0.038947 seconds.
  path: Assets/Dungeon Ground/Material/Dungeon_ground_Material.mat
  artifactKey: Guid(b6df9718aa8737b4e86604fe29878535) Importer(815301076,1909f56bfc062723c751e8b465ee728b)
Start importing Assets/Dungeon Ground/Material/Dungeon_ground_Material.mat using Guid(b6df9718aa8737b4e86604fe29878535) Importer(815301076,1909f56bfc062723c751e8b465ee728b)  -> (artifact id: 'fcd493b2e6117e83a74f3989e45a2310') in 0.040093 seconds
  Import took 0.046834 seconds .

========================================================================
Received Import Request.
  Time since last request: 47.407844 seconds.
  path: Assets/Dungeon Ground/Material/Dungeon_ground_Material.mat
  artifactKey: Guid(b6df9718aa8737b4e86604fe29878535) Importer(815301076,1909f56bfc062723c751e8b465ee728b)
Start importing Assets/Dungeon Ground/Material/Dungeon_ground_Material.mat using Guid(b6df9718aa8737b4e86604fe29878535) Importer(815301076,1909f56bfc062723c751e8b465ee728b)  -> (artifact id: '33d831d63da59b9205e3a0ac209c28a8') in 0.302768 seconds
  Import took 0.310544 seconds .

========================================================================
Received Import Request.
  Time since last request: 110.219016 seconds.
  path: Assets/Stylized Brick Materials
  artifactKey: Guid(046b30eea4df97745b6a62ae69ee5dc3) Importer(815301076,1909f56bfc062723c751e8b465ee728b)
Start importing Assets/Stylized Brick Materials using Guid(046b30eea4df97745b6a62ae69ee5dc3) Importer(815301076,1909f56bfc062723c751e8b465ee728b)  -> (artifact id: 'c290ad8cac90fbfdb53a22f7579ae244') in 0.012175 seconds
  Import took 0.019986 seconds .

========================================================================
Received Import Request.
  Time since last request: 1.355261 seconds.
  path: Assets/Stylized Brick Materials/Materials/M_Brick01.mat
  artifactKey: Guid(2aec896d05d5c6c45a17eb104c430cd8) Importer(815301076,1909f56bfc062723c751e8b465ee728b)
Start importing Assets/Stylized Brick Materials/Materials/M_Brick01.mat using Guid(2aec896d05d5c6c45a17eb104c430cd8) Importer(815301076,1909f56bfc062723c751e8b465ee728b)  -> (artifact id: 'd06ba166abbfe78476d62e925392853d') in 0.287521 seconds
  Import took 0.294536 seconds .

========================================================================
Received Import Request.
  Time since last request: 0.000326 seconds.
  path: Assets/Stylized Brick Materials/Materials/M_Brick03_Variant07.mat
  artifactKey: Guid(7049939c684dd914b9691852e2a02ff7) Importer(815301076,1909f56bfc062723c751e8b465ee728b)
Start importing Assets/Stylized Brick Materials/Materials/M_Brick03_Variant07.mat using Guid(7049939c684dd914b9691852e2a02ff7) Importer(815301076,1909f56bfc062723c751e8b465ee728b)  -> (artifact id: '66477bb2af2eca72d36e3cd8e004f865') in 0.278375 seconds
  Import took 0.284923 seconds .

========================================================================
Received Import Request.
  Time since last request: 0.000401 seconds.
  path: Assets/Stylized Brick Materials/Materials/M_Brick01_Variant03.mat
  artifactKey: Guid(6600ba38b93d2de479d99d54f753b729) Importer(815301076,1909f56bfc062723c751e8b465ee728b)
Start importing Assets/Stylized Brick Materials/Materials/M_Brick01_Variant03.mat using Guid(6600ba38b93d2de479d99d54f753b729) Importer(815301076,1909f56bfc062723c751e8b465ee728b)  -> (artifact id: 'ba43f8a2b8f4e8c4a04be96f000b69af') in 0.283025 seconds
  Import took 0.290619 seconds .

========================================================================
Received Import Request.
  Time since last request: 0.000235 seconds.
  path: Assets/Stylized Brick Materials/Materials/M_Stone02_Variant02.mat
  artifactKey: Guid(0558ea61733f64941a37cd788cdb9a0c) Importer(815301076,1909f56bfc062723c751e8b465ee728b)
Start importing Assets/Stylized Brick Materials/Materials/M_Stone02_Variant02.mat using Guid(0558ea61733f64941a37cd788cdb9a0c) Importer(815301076,1909f56bfc062723c751e8b465ee728b)  -> (artifact id: 'ca83e4993009fc3f8fea7de52448bedd') in 0.264919 seconds
  Import took 0.271855 seconds .

========================================================================
Received Import Request.
  Time since last request: 0.000255 seconds.
  path: Assets/Stylized Brick Materials/Materials/M_Brick04_Variant03.mat
  artifactKey: Guid(42d337526ee1691458e8b1a5b9a315e1) Importer(815301076,1909f56bfc062723c751e8b465ee728b)
Start importing Assets/Stylized Brick Materials/Materials/M_Brick04_Variant03.mat using Guid(42d337526ee1691458e8b1a5b9a315e1) Importer(815301076,1909f56bfc062723c751e8b465ee728b)  -> (artifact id: '969e451219a6bc5b24dc77c2d9603fe9') in 0.261350 seconds
  Import took 0.268645 seconds .

========================================================================
Received Import Request.
  Time since last request: 0.000196 seconds.
  path: Assets/Stylized Brick Materials/Materials/M_Stone02_Variant04.mat
  artifactKey: Guid(05ccc52f27c3f9944a5da9cb09d31343) Importer(815301076,1909f56bfc062723c751e8b465ee728b)
Start importing Assets/Stylized Brick Materials/Materials/M_Stone02_Variant04.mat using Guid(05ccc52f27c3f9944a5da9cb09d31343) Importer(815301076,1909f56bfc062723c751e8b465ee728b)  -> (artifact id: '53842547e179ae588935e3c4b60e7472') in 0.287283 seconds
  Import took 0.294428 seconds .

========================================================================
Received Import Request.
  Time since last request: 0.000214 seconds.
  path: Assets/Stylized Brick Materials/Materials/M_Brick03_Variant04.mat
  artifactKey: Guid(aec53cb1e4ef93a4e80eb2b7b420217c) Importer(815301076,1909f56bfc062723c751e8b465ee728b)
Start importing Assets/Stylized Brick Materials/Materials/M_Brick03_Variant04.mat using Guid(aec53cb1e4ef93a4e80eb2b7b420217c) Importer(815301076,1909f56bfc062723c751e8b465ee728b)  -> (artifact id: '0acf1394d3fdeb3081f0bc78ccd9d4d0') in 0.264306 seconds
  Import took 0.270848 seconds .

========================================================================
Received Import Request.
  Time since last request: 0.000362 seconds.
  path: Assets/Stylized Brick Materials/Materials/M_Stone01.mat
  artifactKey: Guid(cc63e13cb45953849a973fc8923032c6) Importer(815301076,1909f56bfc062723c751e8b465ee728b)
Start importing Assets/Stylized Brick Materials/Materials/M_Stone01.mat using Guid(cc63e13cb45953849a973fc8923032c6) Importer(815301076,1909f56bfc062723c751e8b465ee728b)  -> (artifact id: '61d8c9ab88faed98230a7b50361f927d') in 0.275032 seconds
  Import took 0.281939 seconds .

========================================================================
Received Import Request.
  Time since last request: 0.000200 seconds.
  path: Assets/Stylized Brick Materials/Materials/M_Brick01_Variant02.mat
  artifactKey: Guid(c52059b96ac7ddc438a039673d11f56d) Importer(815301076,1909f56bfc062723c751e8b465ee728b)
Start importing Assets/Stylized Brick Materials/Materials/M_Brick01_Variant02.mat using Guid(c52059b96ac7ddc438a039673d11f56d) Importer(815301076,1909f56bfc062723c751e8b465ee728b)  -> (artifact id: '7bd31aba7ed6ebb434128fe03acaf78c') in 0.289203 seconds
  Import took 0.295908 seconds .

========================================================================
Received Import Request.
  Time since last request: 0.000205 seconds.
  path: Assets/Stylized Brick Materials/Materials/M_Brick05.mat
  artifactKey: Guid(5a3ac0d286a1b97438bdf12f82c4da87) Importer(815301076,1909f56bfc062723c751e8b465ee728b)
Start importing Assets/Stylized Brick Materials/Materials/M_Brick05.mat using Guid(5a3ac0d286a1b97438bdf12f82c4da87) Importer(815301076,1909f56bfc062723c751e8b465ee728b)  -> (artifact id: '09f31d8da6435dd68892e31db3e43550') in 0.268881 seconds
  Import took 0.275838 seconds .

========================================================================
Received Import Request.
  Time since last request: 0.000198 seconds.
  path: Assets/Stylized Brick Materials/Materials/M_Brick04_Variant02.mat
  artifactKey: Guid(9667b2f081553994bb12948f00bb2402) Importer(815301076,1909f56bfc062723c751e8b465ee728b)
Start importing Assets/Stylized Brick Materials/Materials/M_Brick04_Variant02.mat using Guid(9667b2f081553994bb12948f00bb2402) Importer(815301076,1909f56bfc062723c751e8b465ee728b)  -> (artifact id: '9132cb916a8ceafddaae41ec2bdf43b0') in 0.216654 seconds
  Import took 0.223534 seconds .

========================================================================
Received Import Request.
  Time since last request: 0.000344 seconds.
  path: Assets/Stylized Brick Materials/Materials/M_Brick04.mat
  artifactKey: Guid(dbc5829fc346fa64f84a8c2e7dd4aaf2) Importer(815301076,1909f56bfc062723c751e8b465ee728b)
Start importing Assets/Stylized Brick Materials/Materials/M_Brick04.mat using Guid(dbc5829fc346fa64f84a8c2e7dd4aaf2) Importer(815301076,1909f56bfc062723c751e8b465ee728b)  -> (artifact id: '5a8909a7df9a0471b321d0fea0617550') in 0.220557 seconds
  Import took 0.226748 seconds .

========================================================================
Received Import Request.
  Time since last request: 0.000335 seconds.
  path: Assets/Stylized Brick Materials/Materials/M_Brick03_Variant01.mat
  artifactKey: Guid(c6f0efbea3f82864486fc78ddd1e58c3) Importer(815301076,1909f56bfc062723c751e8b465ee728b)
Start importing Assets/Stylized Brick Materials/Materials/M_Brick03_Variant01.mat using Guid(c6f0efbea3f82864486fc78ddd1e58c3) Importer(815301076,1909f56bfc062723c751e8b465ee728b)  -> (artifact id: 'c45f962a0fc01ca8b81bd60127d39b77') in 0.282534 seconds
  Import took 0.290803 seconds .

========================================================================
Received Import Request.
  Time since last request: 0.000245 seconds.
  path: Assets/Stylized Brick Materials/Materials/M_Stone02_Variant05.mat
  artifactKey: Guid(5d45d5b3a7d06434691080051f06e67f) Importer(815301076,1909f56bfc062723c751e8b465ee728b)
Start importing Assets/Stylized Brick Materials/Materials/M_Stone02_Variant05.mat using Guid(5d45d5b3a7d06434691080051f06e67f) Importer(815301076,1909f56bfc062723c751e8b465ee728b)  -> (artifact id: '1380153856f94efa50b688d8a72b2553') in 0.271328 seconds
  Import took 0.279556 seconds .

========================================================================
Received Import Request.
  Time since last request: 0.000303 seconds.
  path: Assets/Stylized Brick Materials/Materials/M_Stone02_Variant01.mat
  artifactKey: Guid(c4151470e2c373e4088e04228aa54211) Importer(815301076,1909f56bfc062723c751e8b465ee728b)
Start importing Assets/Stylized Brick Materials/Materials/M_Stone02_Variant01.mat using Guid(c4151470e2c373e4088e04228aa54211) Importer(815301076,1909f56bfc062723c751e8b465ee728b)  -> (artifact id: '4f87b9584563930e09946ec8e231b2c6') in 0.398189 seconds
  Import took 0.406817 seconds .

========================================================================
Received Import Request.
  Time since last request: 0.000288 seconds.
  path: Assets/Stylized Brick Materials/Materials/M_Brick05_V1.mat
  artifactKey: Guid(e87ae93f4b161ad4d823b9960e55f44b) Importer(815301076,1909f56bfc062723c751e8b465ee728b)
Start importing Assets/Stylized Brick Materials/Materials/M_Brick05_V1.mat using Guid(e87ae93f4b161ad4d823b9960e55f44b) Importer(815301076,1909f56bfc062723c751e8b465ee728b)  -> (artifact id: '0d7f720e2d9089c74e1a05eeeb1d23bc') in 0.268129 seconds
  Import took 0.276416 seconds .

========================================================================
Received Import Request.
  Time since last request: 0.000233 seconds.
  path: Assets/Stylized Brick Materials/Materials/M_Stone02_Variant03.mat
  artifactKey: Guid(2c1dda915acb33641b57cf966bff604b) Importer(815301076,1909f56bfc062723c751e8b465ee728b)
Start importing Assets/Stylized Brick Materials/Materials/M_Stone02_Variant03.mat using Guid(2c1dda915acb33641b57cf966bff604b) Importer(815301076,1909f56bfc062723c751e8b465ee728b)  -> (artifact id: '3b8360d23fc6f5761a74935f30fa0318') in 0.261066 seconds
  Import took 0.268000 seconds .

========================================================================
Received Import Request.
  Time since last request: 0.000316 seconds.
  path: Assets/Stylized Brick Materials/Materials/M_Brick01_Variant01.mat
  artifactKey: Guid(339957fc03bb06d498d1ba479112ba48) Importer(815301076,1909f56bfc062723c751e8b465ee728b)
Start importing Assets/Stylized Brick Materials/Materials/M_Brick01_Variant01.mat using Guid(339957fc03bb06d498d1ba479112ba48) Importer(815301076,1909f56bfc062723c751e8b465ee728b)  -> (artifact id: '7a33039742124570d253bea0a11d3ace') in 0.265061 seconds
  Import took 0.274130 seconds .

========================================================================
Received Import Request.
  Time since last request: 0.000212 seconds.
  path: Assets/Stylized Brick Materials/Materials/M_Brick03_Variant03.mat
  artifactKey: Guid(bf48e5838a3489f4da8803ab6cd83f61) Importer(815301076,1909f56bfc062723c751e8b465ee728b)
Start importing Assets/Stylized Brick Materials/Materials/M_Brick03_Variant03.mat using Guid(bf48e5838a3489f4da8803ab6cd83f61) Importer(815301076,1909f56bfc062723c751e8b465ee728b)  -> (artifact id: '563488859770e2796581d60b593d417a') in 0.405791 seconds
  Import took 0.419265 seconds .

========================================================================
Received Import Request.
  Time since last request: 0.000212 seconds.
  path: Assets/Stylized Brick Materials/Materials/M_Brick04_Variant01.mat
  artifactKey: Guid(1aecaff51b2ae244c9826b86c7f9d6a7) Importer(815301076,1909f56bfc062723c751e8b465ee728b)
Start importing Assets/Stylized Brick Materials/Materials/M_Brick04_Variant01.mat using Guid(1aecaff51b2ae244c9826b86c7f9d6a7) Importer(815301076,1909f56bfc062723c751e8b465ee728b)  -> (artifact id: '962e2f60d3e4aef18b16495825c75877') in 0.318757 seconds
  Import took 0.327234 seconds .

========================================================================
Received Import Request.
  Time since last request: 0.000210 seconds.
  path: Assets/Stylized Brick Materials/Materials/M_Brick03_Variant06.mat
  artifactKey: Guid(80fb7b98fd841464da8bf206b36b8103) Importer(815301076,1909f56bfc062723c751e8b465ee728b)
Start importing Assets/Stylized Brick Materials/Materials/M_Brick03_Variant06.mat using Guid(80fb7b98fd841464da8bf206b36b8103) Importer(815301076,1909f56bfc062723c751e8b465ee728b)  -> (artifact id: '3223d6078c1c78f267116739aa00b950') in 0.346274 seconds
  Import took 0.353459 seconds .

========================================================================
Received Import Request.
  Time since last request: 0.000196 seconds.
  path: Assets/Stylized Brick Materials/Materials/M_Brick03.mat
  artifactKey: Guid(e190f812556bdca47b901092593629bf) Importer(815301076,1909f56bfc062723c751e8b465ee728b)
Start importing Assets/Stylized Brick Materials/Materials/M_Brick03.mat using Guid(e190f812556bdca47b901092593629bf) Importer(815301076,1909f56bfc062723c751e8b465ee728b)  -> (artifact id: 'c0632903c4c9f2885a6f33b6a536552b') in 0.376361 seconds
  Import took 0.390407 seconds .

========================================================================
Received Import Request.
  Time since last request: 0.000382 seconds.
  path: Assets/Stylized Brick Materials/Materials/M_Brick03_Variant02.mat
  artifactKey: Guid(52c2c3fe231a6e745a53512ce32b14ce) Importer(815301076,1909f56bfc062723c751e8b465ee728b)
Start importing Assets/Stylized Brick Materials/Materials/M_Brick03_Variant02.mat using Guid(52c2c3fe231a6e745a53512ce32b14ce) Importer(815301076,1909f56bfc062723c751e8b465ee728b)  -> (artifact id: 'acb6112c32ebb15a24a352cf8ad7edec') in 0.375491 seconds
  Import took 0.384154 seconds .

========================================================================
Received Import Request.
  Time since last request: 0.000327 seconds.
  path: Assets/Stylized Brick Materials/Materials/M_Brick01_Variant04.mat
  artifactKey: Guid(6f6284b83c54d0246b535da6842d568c) Importer(815301076,1909f56bfc062723c751e8b465ee728b)
Start importing Assets/Stylized Brick Materials/Materials/M_Brick01_Variant04.mat using Guid(6f6284b83c54d0246b535da6842d568c) Importer(815301076,1909f56bfc062723c751e8b465ee728b)  -> (artifact id: '3b2fd992449af4ffb3a039bc1f389c06') in 0.359309 seconds
  Import took 0.368434 seconds .

========================================================================
Received Import Request.
  Time since last request: 0.000253 seconds.
  path: Assets/Stylized Brick Materials/Materials/M_Brick03_Variant05.mat
  artifactKey: Guid(dfdd3d48ec665b444b671788937386ff) Importer(815301076,1909f56bfc062723c751e8b465ee728b)
Start importing Assets/Stylized Brick Materials/Materials/M_Brick03_Variant05.mat using Guid(dfdd3d48ec665b444b671788937386ff) Importer(815301076,1909f56bfc062723c751e8b465ee728b)  -> (artifact id: '7a37f777eac5f9e7ba1fe7d0cf9066de') in 0.404191 seconds
  Import took 0.415554 seconds .

========================================================================
Received Import Request.
  Time since last request: 166.421754 seconds.
  path: Assets/Stylized Brick Materials/Materials/M_Brick01_Variant02.mat
  artifactKey: Guid(c52059b96ac7ddc438a039673d11f56d) Importer(815301076,1909f56bfc062723c751e8b465ee728b)
Start importing Assets/Stylized Brick Materials/Materials/M_Brick01_Variant02.mat using Guid(c52059b96ac7ddc438a039673d11f56d) Importer(815301076,1909f56bfc062723c751e8b465ee728b)  -> (artifact id: 'fdc8c6b5d5e530e433bf5b7afc1ebf56') in 0.285727 seconds
  Import took 0.292386 seconds .

========================================================================
Received Import Request.
  Time since last request: 743.169898 seconds.
  path: Assets/Stylized Brick Materials/Materials/M_Brick01_Variant04.mat
  artifactKey: Guid(6f6284b83c54d0246b535da6842d568c) Importer(815301076,1909f56bfc062723c751e8b465ee728b)
Start importing Assets/Stylized Brick Materials/Materials/M_Brick01_Variant04.mat using Guid(6f6284b83c54d0246b535da6842d568c) Importer(815301076,1909f56bfc062723c751e8b465ee728b)  -> (artifact id: '027c95a024a2a1c0a03064a684aae55e') in 0.298044 seconds
  Import took 0.308140 seconds .

========================================================================
Received Import Request.
  Time since last request: 0.000203 seconds.
  path: Assets/Stylized Brick Materials/Materials/M_Stone02_Variant03.mat
  artifactKey: Guid(2c1dda915acb33641b57cf966bff604b) Importer(815301076,1909f56bfc062723c751e8b465ee728b)
Start importing Assets/Stylized Brick Materials/Materials/M_Stone02_Variant03.mat using Guid(2c1dda915acb33641b57cf966bff604b) Importer(815301076,1909f56bfc062723c751e8b465ee728b)  -> (artifact id: '1fd243bb4873c826a975046d0c91b111') in 0.288109 seconds
  Import took 0.299952 seconds .

========================================================================
Received Prepare
Registering precompiled user dll's ...
Registered in 0.021631 seconds.
Begin MonoManager ReloadAssembly
Native extension for WindowsStandalone target not found
Native extension for WebGL target not found
Refreshing native plugins compatible for Editor in 0.98 ms, found 10 plugins.
Preloading 1 native plugins for Editor in 0.21 ms.
NullReferenceException: Object reference not set to an instance of an object
  at Unity.XR.Oculus.OculusLoader.AssetPathToAbsolutePath (System.String assetPath) [0x00048] in D:\Morga\Documents\VR-Oculus-Demo\Library\PackageCache\com.unity.xr.oculus@1.9.1\Runtime\OculusLoader.cs:249 
  at Unity.XR.Oculus.OculusLoader.EditorLoadOVRPlugin () [0x0007b] in D:\Morga\Documents\VR-Oculus-Demo\Library\PackageCache\com.unity.xr.oculus@1.9.1\Runtime\OculusLoader.cs:234 

(Filename: Library/PackageCache/com.unity.xr.oculus@1.9.1/Runtime/OculusLoader.cs Line: 249)

Mono: successfully reloaded assembly
- Completed reload, in  1.749 seconds
Platform modules already initialized, skipping
Switching build target platform(19) subTarget(0) extendedPlatform(0) -> platform(13) subTarget(524288) extendedPlatform(0)
Shader 'Universal Render Pipeline/Particles/Lit': fallback shader 'Universal Render Pipeline/Particles/SimpleLit' not found
Refreshing native plugins compatible for Editor in 0.98 ms, found 10 plugins.
Preloading 1 native plugins for Editor in 0.16 ms.
Unloading 3211 Unused Serialized files (Serialized files now loaded: 0)
System memory in use before: 146.2 MB.
System memory in use after: 146.4 MB.

Unloading 31 unused Assets to reduce memory usage. Loaded Objects now: 3888.
Total: 5.257000 ms (FindLiveObjects: 0.430700 ms CreateObjectMapping: 0.253300 ms MarkObjects: 4.496300 ms  DeleteObjects: 0.075700 ms)

AssetImportParameters requested are different than current active one (requested -> active):
  custom:graphics/normal-map-encoding: 01000000000000000000000000000000 -> 02000000000000000000000000000000
========================================================================
Received Prepare
Shader 'Universal Render Pipeline/Particles/Lit': fallback shader 'Universal Render Pipeline/Particles/SimpleLit' not found
Refreshing native plugins compatible for Editor in 19.57 ms, found 10 plugins.
Preloading 1 native plugins for Editor in 0.22 ms.
Unloading 28 Unused Serialized files (Serialized files now loaded: 0)
System memory in use before: 84.4 MB.
System memory in use after: 84.6 MB.

Unloading 28 unused Assets to reduce memory usage. Loaded Objects now: 3888.
Total: 4.458600 ms (FindLiveObjects: 0.438800 ms CreateObjectMapping: 0.241800 ms MarkObjects: 3.746700 ms  DeleteObjects: 0.030000 ms)

========================================================================
Received Import Request.
  Time since last request: 7823.931676 seconds.
  path: Assets/Scripts/HitBucket.cs
  artifactKey: Guid(3d32ac7ed497eaf458397051a372793d) Importer(815301076,1909f56bfc062723c751e8b465ee728b)
Start importing Assets/Scripts/HitBucket.cs using Guid(3d32ac7ed497eaf458397051a372793d) Importer(815301076,1909f56bfc062723c751e8b465ee728b)  -> (artifact id: '2f4a895174bc63016b5b0bec39056a93') in 0.031995 seconds
  Import took 0.040305 seconds .

========================================================================
Received Prepare
Registering precompiled user dll's ...
Registered in 0.027042 seconds.
Begin MonoManager ReloadAssembly
Native extension for WindowsStandalone target not found
Native extension for WebGL target not found
Refreshing native plugins compatible for Editor in 0.90 ms, found 10 plugins.
Preloading 1 native plugins for Editor in 0.18 ms.
NullReferenceException: Object reference not set to an instance of an object
  at Unity.XR.Oculus.OculusLoader.AssetPathToAbsolutePath (System.String assetPath) [0x00048] in D:\Morga\Documents\VR-Oculus-Demo\Library\PackageCache\com.unity.xr.oculus@1.9.1\Runtime\OculusLoader.cs:249 
  at Unity.XR.Oculus.OculusLoader.EditorLoadOVRPlugin () [0x0007b] in D:\Morga\Documents\VR-Oculus-Demo\Library\PackageCache\com.unity.xr.oculus@1.9.1\Runtime\OculusLoader.cs:234 

(Filename: Library/PackageCache/com.unity.xr.oculus@1.9.1/Runtime/OculusLoader.cs Line: 249)

Mono: successfully reloaded assembly
- Completed reload, in  1.623 seconds
Platform modules already initialized, skipping
Switching build target platform(19) subTarget(0) extendedPlatform(0) -> platform(13) subTarget(524288) extendedPlatform(0)
Shader 'Universal Render Pipeline/Particles/Lit': fallback shader 'Universal Render Pipeline/Particles/SimpleLit' not found
Refreshing native plugins compatible for Editor in 0.94 ms, found 10 plugins.
Preloading 1 native plugins for Editor in 0.16 ms.
Unloading 3211 Unused Serialized files (Serialized files now loaded: 0)
System memory in use before: 146.2 MB.
System memory in use after: 146.5 MB.

Unloading 31 unused Assets to reduce memory usage. Loaded Objects now: 3892.
Total: 3.179100 ms (FindLiveObjects: 0.342600 ms CreateObjectMapping: 0.190900 ms MarkObjects: 2.585700 ms  DeleteObjects: 0.058500 ms)

AssetImportParameters requested are different than current active one (requested -> active):
  custom:graphics/normal-map-encoding: 01000000000000000000000000000000 -> 02000000000000000000000000000000
========================================================================
Received Import Request.
  Time since last request: 46.792962 seconds.
  path: Assets/Scripts/HitBucket.cs
  artifactKey: Guid(3d32ac7ed497eaf458397051a372793d) Importer(815301076,1909f56bfc062723c751e8b465ee728b)
Start importing Assets/Scripts/HitBucket.cs using Guid(3d32ac7ed497eaf458397051a372793d) Importer(815301076,1909f56bfc062723c751e8b465ee728b)  -> (artifact id: '40aa57228fa9dd8316ad935bb9d0e13f') in 0.008781 seconds
  Import took 0.015535 seconds .

AssetImportWorkerClient::OnTransportError - code=2 error=End of file
